[2016-10-25 11:35] [PACMAN] Running 'pacman -Syu --root /tmp/newmsys/msys32'
[2016-10-25 11:35] [PACMAN] synchronizing package lists
[2016-10-25 11:35] [PACMAN] starting core system upgrade
[2016-10-25 11:35] [PACMAN] starting full system upgrade
[2016-10-25 11:35] [PACMAN] Running 'pacman -S --noconfirm --root /tmp/newmsys/msys32 base'
[2016-10-25 11:36] [ALPM] transaction started
[2016-10-25 11:36] [ALPM] installed msys2-runtime (2.6.0-1)
[2016-10-25 11:36] [ALPM] installed bash (4.3.046-1)
[2016-10-25 11:36] [ALPM] installed bash-completion (2.3-1)
[2016-10-25 11:36] [ALPM] installed gcc-libs (5.3.0-3)
[2016-10-25 11:36] [ALPM] installed libbz2 (1.0.6-2)
[2016-10-25 11:36] [ALPM] installed libiconv (1.14-2)
[2016-10-25 11:36] [ALPM] installed libintl (0.19.7-3)
[2016-10-25 11:36] [ALPM] installed libgettextpo (0.19.7-3)
[2016-10-25 11:36] [ALPM] installed libasprintf (0.19.7-3)
[2016-10-25 11:36] [ALPM] installed gettext (0.19.7-3)
[2016-10-25 11:36] [ALPM] installed liblzma (5.2.2-1)
[2016-10-25 11:36] [ALPM] installed liblzo2 (2.09-1)
[2016-10-25 11:36] [ALPM] installed gmp (6.1.0-2)
[2016-10-25 11:36] [ALPM] installed libnettle (3.3-1)
[2016-10-25 11:36] [ALPM] installed coreutils (8.25-1)
[2016-10-25 11:36] [ALPM] installed ncurses (6.0.20161001-1)
[2016-10-25 11:36] [ALPM] installed libreadline (6.3.008-7)
[2016-10-25 11:36] [ALPM] installed zlib (1.2.8-3)
[2016-10-25 11:36] [ALPM] installed libxml2 (2.9.2-2)
[2016-10-25 11:36] [ALPM] installed bsdcpio (3.2.1-1)
[2016-10-25 11:36] [ALPM] installed bsdtar (3.2.1-1)
[2016-10-25 11:36] [ALPM] installed bzip2 (1.0.6-2)
[2016-10-25 11:36] [ALPM] installed libcatgets (1.1-2)
[2016-10-25 11:36] [ALPM] installed catgets (1.1-2)
[2016-10-25 11:36] [ALPM] installed libcrypt (1.3-1)
[2016-10-25 11:36] [ALPM] installed crypt (1.3-1)
[2016-10-25 11:36] [ALPM] installed libopenssl (1.0.2.j-1)
[2016-10-25 11:36] [ALPM] installed openssl (1.0.2.j-1)
[2016-10-25 11:36] [ALPM] installed findutils (4.6.0-1)
[2016-10-25 11:36] [ALPM] installed sed (4.2.2-2)
[2016-10-25 11:36] [ALPM] installed libffi (3.2.1-1)
[2016-10-25 11:36] [ALPM] installed libpcre (8.38-1)
[2016-10-25 11:36] [ALPM] installed less (481-1)
[2016-10-25 11:36] [ALPM] installed gzip (1.8-1)
[2016-10-25 11:36] [ALPM] installed info (6.1-1)
[2016-10-25 11:36] [ALPM] installed libtasn1 (4.9-1)
[2016-10-25 11:36] [ALPM] installed libp11-kit (0.23.2-1)
[2016-10-25 11:36] [ALPM] installed p11-kit (0.23.2-1)
[2016-10-25 11:36] [ALPM] installed ca-certificates (20150426-1)
[2016-10-25 11:36] [ALPM] installed libdb (5.3.28-2)
[2016-10-25 11:36] [ALPM] installed libedit (3.1-20150325)
[2016-10-25 11:36] [ALPM] installed icu (56.1-1)
[2016-10-25 11:36] [ALPM] installed libsqlite (3.10.0.0-1)
[2016-10-25 11:36] [ALPM] installed heimdal-libs (1.5.3-9)
[2016-10-25 11:36] [ALPM] installed libidn (1.33-1)
[2016-10-25 11:36] [ALPM] installed libexpat (2.2.0-1)
[2016-10-25 11:36] [ALPM] installed libmetalink (0.1.2-2)
[2016-10-25 11:36] [ALPM] installed libssh2 (1.7.0-1)
[2016-10-25 11:36] [ALPM] installed libcurl (7.50.3-1)
[2016-10-25 11:36] [ALPM] installed curl (7.50.3-1)
[2016-10-25 11:36] [ALPM] installed filesystem (2016.07-2)
[2016-10-25 11:36] [ALPM] installed grep (2.26-1)
[2016-10-25 11:36] [ALPM] installed dash (0.5.9.1-1)
[2016-10-25 11:36] [ALPM] installed file (5.28-2)
[2016-10-25 11:36] [ALPM] installed m4 (1.4.17-4)
[2016-10-25 11:36] [ALPM] installed flex (2.6.1-1)
[2016-10-25 11:36] [ALPM] installed mpfr (3.1.4-1)
[2016-10-25 11:36] [ALPM] installed gawk (4.1.4-1)
[2016-10-25 11:36] [ALPM] installed tftp-hpa (5.2-1)
[2016-10-25 11:36] [ALPM] installed inetutils (1.9.2-1)
[2016-10-25 11:36] [ALPM] installed lndir (1.0.3-1)
[2016-10-25 11:36] [ALPM] installed mintty (1~2.6.2-1)
[2016-10-25 11:36] [ALPM] installed msys2-keyring (r9.397a52e-1)
[2016-10-25 11:36] [ALPM] installed msys2-launcher-git (0.3.32.56c2ba7-2)
[2016-10-25 11:36] [ALPM] installed gnupg (1.4.20-1)
[2016-10-25 11:36] [ALPM-SCRIPTLET] rm: ошибка получения атрибутов '/': No such file or directory
[2016-10-25 11:36] [ALPM-SCRIPTLET] /tmp/alpm_tMoqPC/.INSTALL: line 11: pacman-key: команда не найдена
[2016-10-25 11:36] [ALPM-SCRIPTLET] /tmp/alpm_tMoqPC/.INSTALL: line 12: pacman-key: команда не найдена
[2016-10-25 11:36] [ALPM] installed pacman-mirrors (20160112-1)
[2016-10-25 11:36] [ALPM] installed which (2.21-2)
[2016-10-25 11:36] [ALPM] installed xz (5.2.2-1)
[2016-10-25 11:36] [ALPM] installed pacman (5.0.1-1)
[2016-10-25 11:36] [ALPM] installed libarchive (3.2.1-1)
[2016-10-25 11:36] [ALPM] installed libpcre16 (8.38-1)
[2016-10-25 11:36] [ALPM] installed libpcre32 (8.38-1)
[2016-10-25 11:36] [ALPM] installed libpcrecpp (8.38-1)
[2016-10-25 11:36] [ALPM] installed libpcreposix (8.38-1)
[2016-10-25 11:36] [ALPM] installed pcre (8.38-1)
[2016-10-25 11:36] [ALPM] installed pkgfile (15-1)
[2016-10-25 11:36] [ALPM-SCRIPTLET] ==> Run 'pkgfile --update' to initialize the database
[2016-10-25 11:36] [ALPM] installed libgpg-error (1.23-1)
[2016-10-25 11:36] [ALPM] installed libassuan (2.4.2-1)
[2016-10-25 11:36] [ALPM] installed libgpgme (1.6.0-1)
[2016-10-25 11:36] [ALPM] installed libutil-linux (2.26.2-1)
[2016-10-25 11:36] [ALPM] installed wget (1.18-1)
[2016-10-25 11:36] [ALPM] installed pactoys-git (r2.07ca37f-1)
[2016-10-25 11:36] [ALPM] installed pax-git (20140703.2.1.g469552a-1)
[2016-10-25 11:36] [ALPM] installed rebase (4.4.2-1)
[2016-10-25 11:36] [ALPM] installed time (1.7-1)
[2016-10-25 11:36] [ALPM] installed ttyrec (1.0.8-1)
[2016-10-25 11:36] [ALPM] installed tzcode (2015.e-1)
[2016-10-25 11:36] [ALPM] installed util-linux (2.26.2-1)
[2016-10-25 11:36] [ALPM] transaction completed
[2018-01-19 15:53] [PACMAN] Running 'pacman -Syu'
[2018-01-19 15:53] [PACMAN] synchronizing package lists
[2018-01-19 15:54] [PACMAN] starting core system upgrade
[2018-01-19 15:57] [ALPM] transaction started
[2018-01-19 15:57] [ALPM] upgraded msys2-runtime (2.6.0-1 -> 2.9.0-2)
[2018-01-19 15:57] [ALPM] upgraded bash (4.3.046-1 -> 4.4.012-1)
[2018-01-19 15:57] [ALPM] upgraded filesystem (2016.07-2 -> 2017.05-1)
[2018-01-19 15:57] [ALPM] upgraded mintty (1~2.6.2-1 -> 1~2.8.3-1)
[2018-01-19 15:57] [ALPM] upgraded pacman (5.0.1-1 -> 5.0.1-4)
[2018-01-19 15:57] [ALPM] transaction completed
[2018-06-17 03:39] [PACMAN] Running 'pacman -S mingw-w64-i686-gcc'
[2018-06-17 03:39] [PACMAN] Running 'pacman -S mingw-w64-i686-gcc'
[2018-06-17 03:39] [PACMAN] Running 'pacman -S mingw-w64-i686-gcc'
[2018-06-17 03:42] [ALPM] transaction started
[2018-06-17 03:42] [ALPM] installed mingw-w64-i686-libiconv (1.15-1)
[2018-06-17 03:42] [ALPM] installed mingw-w64-i686-gmp (6.1.2-1)
[2018-06-17 03:42] [ALPM] installed mingw-w64-i686-mpfr (4.0.0-1)
[2018-06-17 03:42] [ALPM] installed mingw-w64-i686-mpc (1.1.0-1)
[2018-06-17 03:42] [ALPM] installed mingw-w64-i686-libwinpthread-git (5.0.0.4850.d1662dc7-1)
[2018-06-17 03:42] [ALPM] installed mingw-w64-i686-gcc-libs (7.2.0-2)
[2018-06-17 03:42] [ALPM] installed mingw-w64-i686-bzip2 (1.0.6-6)
[2018-06-17 03:42] [ALPM] installed mingw-w64-i686-zlib (1.2.11-1)
[2018-06-17 03:42] [ALPM] installed mingw-w64-i686-binutils (2.29.1-1)
[2018-06-17 03:42] [ALPM] installed mingw-w64-i686-headers-git (6.0.0.5082.c69db717-1)
[2018-06-17 03:42] [ALPM] installed mingw-w64-i686-crt-git (6.0.0.5082.c69db717-1)
[2018-06-17 03:42] [ALPM] installed mingw-w64-i686-isl (0.18-1)
[2018-06-17 03:42] [ALPM] installed mingw-w64-i686-windows-default-manifest (6.4-3)
[2018-06-17 03:42] [ALPM] installed mingw-w64-i686-winpthreads-git (5.0.0.4850.d1662dc7-1)
[2018-06-17 03:43] [ALPM] installed mingw-w64-i686-gcc (7.2.0-2)
[2018-06-17 03:43] [ALPM] transaction completed
